TN:
SF:src\entities\Receita.ts
FN:9,(anonymous_0)
FN:18,(anonymous_1)
FN:19,(anonymous_2)
FN:20,(anonymous_3)
FN:21,(anonymous_4)
FN:22,(anonymous_5)
FN:25,(anonymous_6)
FN:30,(anonymous_7)
FN:31,(anonymous_8)
FN:32,(anonymous_9)
FN:35,(anonymous_10)
FN:43,(anonymous_11)
FN:48,(anonymous_12)
FNF:13
FNH:0
FNDA:0,(anonymous_0)
FNDA:0,(anonymous_1)
FNDA:0,(anonymous_2)
FNDA:0,(anonymous_3)
FNDA:0,(anonymous_4)
FNDA:0,(anonymous_5)
FNDA:0,(anonymous_6)
FNDA:0,(anonymous_7)
FNDA:0,(anonymous_8)
FNDA:0,(anonymous_9)
FNDA:0,(anonymous_10)
FNDA:0,(anonymous_11)
FNDA:0,(anonymous_12)
DA:2,2
DA:10,0
DA:11,0
DA:12,0
DA:13,0
DA:14,0
DA:18,0
DA:19,0
DA:20,0
DA:21,0
DA:22,0
DA:26,0
DA:27,0
DA:30,0
DA:31,0
DA:32,0
DA:36,0
DA:37,0
DA:38,0
DA:39,0
DA:44,0
DA:49,0
LF:22
LH:1
BRDA:9,0,0,0
BRDA:26,1,0,0
BRDA:26,2,0,0
BRDA:26,2,1,0
BRDA:30,3,0,0
BRDA:30,3,1,0
BRDA:31,4,0,0
BRDA:31,4,1,0
BRDA:37,5,0,0
BRDA:37,6,0,0
BRDA:37,6,1,0
BRDA:38,7,0,0
BRDA:38,8,0,0
BRDA:38,8,1,0
BRDA:44,9,0,0
BRDA:44,9,1,0
BRDA:44,10,0,0
BRDA:44,10,1,0
BRDA:44,11,0,0
BRDA:44,11,1,0
BRF:20
BRH:0
end_of_record
TN:
SF:src\models\ReceitaRepository.ts
FN:9,(anonymous_0)
FN:13,(anonymous_1)
FN:17,(anonymous_2)
FN:24,(anonymous_3)
FN:25,(anonymous_4)
FN:29,(anonymous_5)
FN:33,(anonymous_6)
FN:38,(anonymous_7)
FN:40,(anonymous_8)
FN:43,(anonymous_9)
FN:57,(anonymous_10)
FN:59,(anonymous_11)
FN:70,(anonymous_12)
FN:72,(anonymous_13)
FNF:14
FNH:2
FNDA:9,(anonymous_0)
FNDA:0,(anonymous_1)
FNDA:0,(anonymous_2)
FNDA:17,(anonymous_3)
FNDA:0,(anonymous_4)
FNDA:0,(anonymous_5)
FNDA:0,(anonymous_6)
FNDA:0,(anonymous_7)
FNDA:0,(anonymous_8)
FNDA:0,(anonymous_9)
FNDA:0,(anonymous_10)
FNDA:0,(anonymous_11)
FNDA:0,(anonymous_12)
FNDA:0,(anonymous_13)
DA:3,2
DA:4,2
DA:6,2
DA:10,9
DA:14,0
DA:15,0
DA:16,0
DA:17,0
DA:19,0
DA:20,0
DA:25,17
DA:26,17
DA:30,0
DA:31,0
DA:32,0
DA:33,0
DA:35,0
DA:39,0
DA:40,0
DA:45,0
DA:46,0
DA:48,0
DA:49,0
DA:50,0
DA:52,0
DA:53,0
DA:54,0
DA:58,0
DA:59,0
DA:60,0
DA:62,0
DA:63,0
DA:64,0
DA:66,0
DA:67,0
DA:71,0
DA:72,0
DA:73,0
DA:75,0
DA:76,0
DA:77,0
LF:41
LH:6
BRDA:9,0,0,0
BRDA:31,1,0,0
BRDA:31,2,0,0
BRDA:31,2,1,0
BRDA:46,3,0,0
BRDA:49,4,0,0
BRDA:49,4,1,0
BRDA:60,5,0,0
BRDA:62,6,0,0
BRDA:63,7,0,0
BRDA:64,8,0,0
BRDA:73,9,0,0
BRF:12
BRH:0
end_of_record
